3 105 208 229
2 99 249
3 57 123 192
4 23 31 156 226
3 180 186 292
3 209 212 291
3 6 242 267
1 261
2 155 281
4 35 44 75 218
5 103 104 107 125 182
2 109 152
4 110 141 220 285
2 275 296
2 40 118
3 166 260 290
3 112 122 190
2 89 101
4 115 206 237 283
3 41 91 106
6 28 29 171 230 238 268
7 54 120 130 138 251 289 295
5 69 202 233 266 270
3 52 78 162
5 9 27 154 262 293
2 72 83
3 19 146 259
5 17 117 148 177 280
2 26 32
2 24 114
2 2 174
3 119 121 210
3 1 132 187
4 25 82 127 278
4 15 147 165 265
2 42 248
2 50 66
3 149 198 287
2 102 188
2 135 151
3 51 77 159
2 68 254
3 133 189 207
3 63 185 257
2 116 279
2 124 136
3 113 240 282
2 140 176
1 16
4 61 184 203 252
1 43
2 95 164
4 49 96 131 204
3 167 201 263
3 172 214 271
4 4 53 70 86
1 288
2 22 236
1 163
4 76 85 145 200
2 273 276
4 18 97 213 247
2 64 211
4 94 139 197 239
2 143 256
3 38 90 129
5 8 39 175 250 284
2 30 79
3 45 183 258
2 84 181
3 46 157 193
3 108 142 215
3 168 231 246
3 195 205 269
3 62 144 299
3 87 137 150
3 67 158 223
2 56 60
4 73 88 225 255
2 128 253
5 3 11 14 199 272
3 0 59 241
4 13 74 227 232
2 80 217
5 5 170 191 245 274
2 37 173
3 34 219 277
2 111 228
4 47 93 178 243
4 81 92 224 235
2 48 264
2 20 294
4 12 55 71 100
3 21 161 169
1 244
2 58 196
3 7 10 98
4 126 134 160 194
3 153 286 297
3 216 222 298
Fitness: 169702