4 7400 6880 6377 1450
4 1904 479 1242 8668
4 4354 4405 4899 4680
4 1442 5286 4986 6689
4 3962 7153 8991 6968
4 7364 7027 4648 485
4 5115 5127 7455 9776
4 1112 7422 4273 3810
4 9159 8560 4983 2032
4 9516 8458 7396 1010
4 3090 745 4502 7474
4 515 7789 6136 8169
4 6173 9341 6870 7133
4 557 8214 5484 3338
4 1456 1885 28 206
4 7432 4588 7100 7139
4 3145 4285 2049 7982
3 3870 2208 1555
4 2864 3743 1348 2767
4 9227 2098 4615 424
4 9642 6925 9052 443
4 8688 4685 8390 3912
4 1658 3696 7476 4025
4 4518 7413 3586 4425
4 667 9536 653 9248
4 4244 6454 2947 1707
4 2890 1146 5634 5794
4 3006 8478 6380 9048
4 9980 2891 4544 6428
4 5863 5241 7662 3815
4 7869 8609 6218 2922
4 6946 2695 2596 1020
4 690 1333 1132 7154
4 9156 3261 5285 2545
4 4027 729 9836 3977
4 2934 7679 2434 7963
4 8000 7182 628 8966
4 4548 4747 705 1601
4 6824 419 4264 8759
4 6431 5398 8908 981
4 7853 7978 3208 7370
4 2075 2609 4593 9660
3 512 8826 8503
4 429 7315 5281 4816
4 7522 3751 823 4404
4 4395 7779 5582 4050
4 6076 7622 1932 6109
4 3251 9030 7715 2637
4 2598 6831 7916 1855
4 9416 7697 2647 9600
4 5123 6427 8029 8463
4 3170 1025 4066 1288
4 7206 9056 2130 9639
4 5526 5658 3954 3847
3 7408 2228 7203
4 398 4671 7470 2685
4 842 7772 5404 6382
4 7177 7744 1181 3300
4 6950 5707 9110 1452
4 6064 9194 5743 9747
4 3557 5734 4152 8181
3 2561 2860 8054
4 9102 521 4091 1039
4 7540 1991 4623 2976
4 6423 6699 7725 3720
4 3561 8123 6410 4928
3 3787 2343 5333
4 1081 8757 9593 469
3 4803 890 5097
4 6323 2212 735 843
4 8417 7262 8493 3016
4 4649 8548 4466 5076
4 6888 5396 7115 9237
4 991 2920 73 3711
4 7136 1758 4392 1927
3 1240 1961 2015
4 4529 1934 9654 8829
3 8495 5291 4700
3 4260 8454 7905
4 6948 8613 3127 9096
4 3190 7151 4691 3411
