9 5619 98 1484 2336 2373 3784 5638 7586 9794
10 6630 0 219 505 1219 1229 4199 4627 4672 5531
6 8794 121 3533 5389 5547 5964
4 6825 323 630 2591
13 895 869 1455 1834 2532 3356 4871 5429 7705 7859 8460 8515 8714
5 2800 312 805 2226 6665
2 9878 4725
6 4569 690 955 2007 4333 5811
6 4492 2529 2610 5454 6981 8897
6 3440 964 1901 4977 6492 8178
4 2827 571 1919 2134
5 7769 798 817 1790 2448
10 6727 938 1020 1343 1726 1850 1952 2271 5754 7069
6 4276 581 4599 7269 8057 8392
7 9406 1092 1376 2097 5607 9467 9921
12 3901 116 369 562 635 1950 2387 4055 6288 7970 8061 8332
8 5853 398 2042 3937 6594 6863 7306 8463
10 471 68 1514 1841 2047 5625 6194 7221 8087 9875
12 6809 356 463 1415 1928 1936 3031 3500 3545 4402 7986 8581
6 4478 1014 1713 2936 4350 4568
3 5342 1439 2564
4 5065 139 3928 4292
13 2731 341 685 907 1050 1931 2635 2713 3201 4730 5388 5942 7881
6 3040 255 411 1645 3274 9454
14 405 1577 2287 2452 3017 3228 4005 4277 4438 4476 5269 6859 6881 7798
9 7430 427 1599 3243 3598 5563 6841 8418 8961
1 6152
15 902 632 1103 1388 2100 2207 3117 3238 3327 4814 5056 5364 5596 8043 8255
9 4690 2037 2101 2238 2277 3143 6773 6890 9555
6 1828 1586 2130 5937 7393 8879
2 3880 5311
8 2536 713 768 1826 3696 6153 7795 8893
13 2356 109 1206 1295 1306 1644 1894 2743 3125 3279 3431 4682 5059
7 8495 407 496 1426 2050 2175 7813
4 5236 574 2148 3014
4 8943 3189 7405 8046
5 2232 264 1258 2133 7985
4 3042 3153 4841 6632
8 6899 861 1234 3240 4812 6715 7281 8558
9 6987 584 3071 3553 3959 4261 4281 6096 7268
1 4158
5 5845 1403 1868 3383 6976
5 4006 1068 4995 5460 7973
7 735 115 289 804 2103 4896 6467
10 2505 128 293 1129 1408 1578 3322 3587 6157 7509
4 7948 548 2806 5597
6 7514 1467 1633 4723 6693 7350
5 2594 1287 1594 3402 5398
7 5561 4 1382 2219 5936 6291 9573
13 9065 305 597 2306 2342 3395 4189 4611 4864 5661 6005 7526 8152
6 6234 395 590 1052 5125 7439
11 4679 111 2173 3186 3354 3380 3868 6810 7459 8633 9448
10 6618 18 1392 1812 4678 5432 5893 7163 7676 9476
1 7678
10 1688 333 1099 1621 2252 2615 3415 5395 6249 9717
8 9376 162 469 3831 3848 4032 4122 9536
1 6221
9 753 131 490 638 3894 4735 4955 5520 7295
6 6707 182 185 451 3026 9239
9 1656 3275 4431 5333 6405 7758 8224 8623 8900
11 6150 251 984 1115 1368 1545 2243 3456 5629 5753 8789
14 5267 193 546 687 2057 3023 3305 3911 5079 5925 6545 6992 8517 9558
2 4813 7623
9 8502 370 2044 3182 5382 5532 6027 7146 9241
5 6792 322 1019 2693 5390
6 2446 966 1230 3237 3679 5760
9 8669 143 227 1650 2786 2843 3376 4271 4936
8 7402 101 705 2127 4501 5463 6350 8138
6 4550 336 641 3310 5586 7617
6 2685 62 1137 1241 5470 8522
8 9244 906 1798 2862 4168 5293 7831 9955
8 9678 16 105 855 1510 1903 3255 5513
8 3199 186 1035 1245 4804 6464 8159 8866
8 1858 325 429 642 3978 5471 8543 9396
9 2240 1692 2144 2629 2865 4288 7076 7836 8778
10 6222 624 1571 2169 2831 3081 3528 5518 5705 6853
7 3339 269 692 2533 3741 3742 4432
2 1892 1087
11 8737 614 1203 2712 3819 4340 7251 7624 7961 8095 8299
2 7356 948
12 4398 66 155 256 456 1207 2592 2953 3488 6087 6616 6869
10 4824 1801 1933 2353 2389 3649 4375 4701 4778 9719
8 9554 467 3744 4156 4752 5316 7026 9642
8 5240 1753 3039 3454 3975 4474 4483 5884
5 1133 1173 2579 4757 5110
9 7340 83 587 931 1025 1397 1452 4416 5294
3 7530 1602 3559
15 3512 634 1564 1729 2160 2637 3001 3096 3336 3857 4779 4886 5047 7487 7649
6 2489 1125 1225 4000 6170 7338
3 6514 3526 4783
4 4383 831 1158 3158
11 2881 2087 2188 2991 3714 5348 5529 5659 5819 6613 6635
9 9263 878 977 2421 3460 3677 4201 4480 8019
9 4607 1037 1124 1579 3076 5146 6229 6569 7349
7 3700 962 2030 2354 2830 4688 5423
5 7606 2113 7642 8002 8166
7 6733 1918 2259 2361 4510 5536 6257
12 1530 564 1013 2110 2649 2749 3075 4500 4791 5331 6351 7165
7 5918 1483 2625 4354 4732 5960 8925
6 4542 755 1318 2544 3662 4530
10 4591 1450 1473 1499 1554 2583 2598 4162 6701 8377
6 4565 274 539 2922 3059 8606
12 8179 399 1023 2626 4439 4902 4926 5468 5773 5889 7423 7855
5 9102 140 2764 7386 8582
10 278 307 1065 1236 1522 2163 2192 7593 8567 9326
15 627 142 561 901 2225 2478 2924 3536 4023 4174 4364 4922 6209 9747 9787
13 4349 292 473 810 883 890 3008 3010 4631 5608 6011 7391 7600
7 3881 960 1139 2195 3728 5368 7437
5 5544 7216 7310 9525 9850
7 9763 418 1410 4018 4506 6934 8069
6 3157 184 1214 2081 8163 9937
3 6562 1045 1855
4 2815 73 4650 4865
8 520 366 1662 4146 4747 6445 7115 9918
5 9268 397 465 1172 1546
6 1462 2499 2772 4332 5361 9567
11 5135 152 1008 1893 2290 3633 4134 4427 4641 5150 5404
2 2618 6721
8 6904 724 958 2873 3943 4755 5265 6242
5 2725 631 1585 3277 7375
15 200 708 959 1383 1924 2312 2860 4185 4370 4434 5758 5940 6052 6516 6568
11 2332 1262 2043 2546 3567 3577 4075 5609 5633 6050 7826
1 4796
10 2599 440 1150 1909 2902 3214 4918 5024 7024 7481
7 1346 689 1073 5582 7001 7711 9308
5 1249 1161 1187 5745 9522
3 3591 4446 5504
14 3866 615 1286 1882 2096 2671 3781 4625 4943 5190 5312 6687 7144 8349
4 8685 2091 7517 9786
5 3151 148 4188 5703 6302
7 2077 165 240 294 566 4859 5735
2 6507 3711
5 9163 27 308 712 1140
10 8225 176 1391 3002 3232 3503 3514 3787 3903 5439
3 9960 1829 3525
12 8259 6 215 594 1758 1940 2876 4931 5037 6458 8441 9759
8 1979 104 609 1760 1991 2162 2463 2964
10 6814 404 446 662 2670 3284 3756 5354 5416 7201
14 5721 11 299 645 811 1334 1814 1920 2971 3927 4192 4540 4817 7539
8 9113 593 809 2630 3434 3977 6895 7989
10 8370 75 1619 2324 3003 3759 5261 6301 7059 7596
6 2088 237 763 1277 2069 3388
5 3183 144 936 981 4022
13 8978 2076 2139 2856 2918 3485 3688 4425 6477 6700 6995 8526 9024
19 136 506 749 975 1127 1342 1461 1898 3360 3605 4001 4239 5978 6560 7084 7734 8275 8423 9814
7 7454 1253 2098 2120 3020 4683 6193
4 5198 1744 2224 5865
5 5022 919 1766 3134 9201
5 4334 454 2067 2666 3288
4 8877 1574 2208 8265
4 5446 2785 4908 5414
14 1580 1010 2029 2340 2990 3082 3340 3576 5099 6406 6453 6775 7467 7892
11 4969 764 1420 1846 3121 3223 3846 4676 5676 8532 9465
6 8837 787 1487 1822 6032 6289
7 7741 2759 3099 5249 5731 6151 6518
9 5326 253 1195 1293 2435 2460 2643 4108 8070
3 4803 925 8131
11 9043 349 472 974 1419 2307 3287 4009 6105 8468 9552
12 4636 2396 2510 2938 3769 3892 5224 5788 5916 6118 8622 9354
9 7066 2994 3494 5313 5357 6714 8008 8260 9126
2 5449 8022
6 6887 1091 2909 3630 3985 5790
6 3048 63 371 980 6177 8123
2 3335 8345
9 1891 954 1926 2820 2955 3815 7533 7639 9415
20 4601 649 1212 1608 2518 2523 2735 2810 3084 3427 4047 4412 4576 4587 4991 6551 7160 7390 8322 9639
8 4467 1191 1885 3213 3671 3895 4632 5977
7 2443 288 1130 2491 2723 3712 9885
2 6914 6761
7 3753 8 727 3212 3664 4025 5254
1 6143
4 7938 1242 2211 2880
8 7630 242 1058 1183 1946 2064 2897 4799
7 5200 1836 1929 2878 3522 5459 9589
10 2633 425 783 2196 2903 3144 5494 7244 8676 9432
5 8752 2516 5501 5726 6944
3 2896 509 978
8 2476 87 316 410 3093 4310 5631 9849
12 4107 717 1459 1689 2798 4930 5618 5691 5784 7265 8430 8648
10 9611 1374 1400 1719 3962 5972 6553 7300 7348 8083
9 4209 351 602 706 1069 1497 1825 2308 9753
8 2433 1463 2719 2968 4759 5616 7238 8777
8 4173 2203 2485 2895 4487 4765 5232 5373
6 1246 391 1691 5275 6295 7718
1 4818
6 6256 2182 2289 4987 6278 8717
3 1570 4563 8907
9 2948 254 1531 5670 5834 6112 6187 8381 8700
10 8542 637 1285 1472 2705 3492 4241 4766 5410 5587
3 3718 181 3346
11 7785 479 973 1252 3569 4274 5083 5621 6363 7073 8374
9 1337 388 2145 2449 3290 5035 5848 7154 7566
4 5283 3032 3355 5072
5 5013 390 757 3617 3723
5 2541 1149 5084 6390 7519
6 1405 1231 2125 2609 6250 6524
7 9807 12 556 3349 7841 8790 8825
7 6574 1168 1301 2038 3004 8162 9831
2 9210 1009
12 2520 244 457 1283 1566 1694 1785 2534 4457 5204 6093 6246
5 2197 367 1805 3246 8923
8 3443 107 1300 1797 2138 2370 3069 4971
4 1029 2866 3971 5046
9 5564 103 803 4257 4729 5168 5247 6183 7261
12 8151 859 2119 3085 3448 3455 4230 4243 4451 4589 6127 8124
8 6668 20 573 1848 2073 4180 4267 6533
3 8797 5538 8611
12 3537 112 344 1004 1145 1667 1904 3506 4065 6010 6226 8350
9 8807 205 1416 2859 2864 2976 2998 4916 7673
9 9571 2066 2298 3304 3934 4133 4157 4319 9690
3 2698 2724 4760
7 7979 1782 5233 5667 6978 9196 9782
8 5810 94 604 1663 1786 1948 2347 2770
9 946 7 1962 2993 3874 4286 4996 8507 9829
11 5770 491 840 1043 1938 3946 4049 4488 4716 4927 9176
6 6768 559 3128 3914 5467 9749
8 5658 1559 1624 1923 2761 3507 7083 8053
7 3953 224 503 784 2586 4399 8301
11 3610 214 235 2085 2908 3674 4097 8333 8455 8592 8718
1 2430
5 9036 1038 1156 5604 7182
13 7856 280 358 525 1371 2034 2914 3120 3797 5787 6401 9783 9797
9 914 238 995 1974 3369 3922 6505 7133 9168
8 3374 619 2137 6046 6998 7708 8100 8874
8 7816 78 174 791 2425 2747 4671 6148
10 5861 1377 2187 3353 3642 3896 4456 5111 7136 8013
8 7004 58 263 698 2454 3897 5922 7772
4 4161 1089 2677 8921
8 7081 31 1540 2410 2813 3337 5257 8986
16 2975 328 432 436 669 1539 1696 2530 4265 4266 5186 5999 6499 8454 8641 9499
8 7752 80 1011 1153 1375 2339 3248 7185
3 221 3745 5877
7 7329 1398 2014 4750 6335 7285 7549
13 5866 207 353 1144 2700 3045 3804 3838 4114 4976 5115 5122 5669
11 210 226 886 1655 2264 2466 2623 3673 5588 6380 6482
5 8142 452 522 3517 4040
7 2174 113 179 729 923 5077 8429
5 2726 195 1164 3792 7395
1 1998
2 6795 4296
5 3891 201 807 1966 2660
10 1592 304 488 531 2757 2811 3684 5179 5613 9336
11 2661 123 500 600 1181 1780 1793 4337 4837 4998 5174
4 5740 3302 4929 8171
8 1717 309 1296 3562 3837 6364 6448 7472
14 4854 133 134 701 2040 2621 3535 3595 3761 4504 4606 5096 5325 5512
13 8219 213 286 703 1340 1558 2459 2762 2779 3022 6385 6948 8202
9 5870 972 1958 2775 3204 4272 4374 5714 6964
9 2498 702 747 1698 2825 3283 4545 6917 9909
10 4200 468 752 1134 2265 4212 4464 6092 7489 7597
12 6740 1184 1943 2230 2494 2526 2899 3413 3481 4321 6060 9781
3 1495 932 6644
7 9671 350 651 736 1085 3586 3825
11 4826 130 1820 2094 2423 2627 3446 3499 5229 5346 5873
5 6941 2821 3206 3386 5130
5 5490 324 4082 4142 7751
11 5920 426 470 480 693 2407 2565 2676 3502 4861 8870
2 1887 8674
7 2283 434 2080 2962 4287 6933 9334
5 6053 54 247 373 476
11 6283 249 707 714 1807 2028 2408 3749 5266 5666 6136
7 9655 334 766 1226 1380 5542 6539
8 1863 628 905 2114 2925 3098 3365 3638
10 2115 862 1490 1611 1740 2926 3626 4262 6419 7051
6 6006 557 652 679 2152 6090
4 7834 4054 4951 6828
5 1425 2701 5435 7042 7105
8 466 1136 1247 1851 2628 6035 6434 9391
7 9491 1506 2933 4983 5688 7603 8980
17 3667 965 1007 1292 1673 1750 2269 3162 3209 4912 4961 5836 7046 7111 7771 9058 9115
2 9588 820
10 8023 45 1122 1612 1988 2322 2367 2492 3100 6230
6 8914 86 2608 4418 5595 6368
11 7913 70 639 799 2482 4572 6320 6501 7326 9431 9994
12 47 1154 2419 2691 3309 4326 4356 5132 5605 8052 8765 9069
3 6872 2703 8888
8 7480 406 1336 1712 3094 4982 7123 8089
2 8968 1015
7 8694 151 611 2183 2722 3091 4301
7 262 1188 1951 2734 3812 7496 8910
10 9901 127 508 827 1072 1083 1939 2065 2453 2887
12 3493 2832 4621 4622 5280 5904 7327 7907 8380 8755 9493 9551
11 7876 1356 1440 1683 1808 1896 2411 2858 4220 6310 9076
8 5759 1141 1607 2540 3318 3523 3771 9088
5 1310 153 776 788 3889
1 3887
13 9138 14 623 647 681 1116 1576 2767 4160 4479 5505 7845 8119
2 1632 1022
2 6465 464
15 8351 259 287 386 993 1278 2204 3080 5033 5392 5484 5697 6781 8145 8385
14 5686 780 1120 1352 1486 2590 2683 3292 3520 3956 4164 4968 8839 9067
6 5565 189 1832 2819 5362 8929
12 1325 591 1350 1456 1616 1775 2369 4013 6461 6658 8535 9343
2 3422 441
9 8549 296 790 2853 3113 3637 6322 6819 7036
9 3466 3478 3869 3929 5183 5757 5764 6607 7621
8 3958 363 668 673 695 2875 5674 7482
5 4702 204 3698 5264 6534
15 971 1128 1290 1718 1922 3165 3331 3950 4486 4490 4728 4898 5127 6667 6958
12 3542 30 228 348 1093 1507 2754 3013 3406 3592 7311 7681
6 6540 96 913 1544 1646 3890
6 5215 794 2503 7983 8165 9097
8 8421 1641 1976 3015 4548 5825 5988 8570
10 5837 1197 2841 5643 6602 7680 8467 8911 9713 9971
3 4424 2638 8808
7 8049 173 431 576 1216 2155 6084
14 1315 738 866 3220 3719 3799 4149 4170 5157 5287 6929 8093 8488 9668
1 2818
10 8857 2496 2567 2644 2840 3273 4846 5953 7559 8276
6 8267 504 4751 7739 9178 9811
8 2025 1551 1809 3518 5156 7742 8084 9404
1 8154
14 43 453 1194 1257 1393 2687 3079 4089 4444 5288 5549 6323 6511 9931
5 2450 927 1638 3984 9277
4 1105 667 910 1159
10 9492 135 252 908 1373 3194 3511 3733 4923 7601
7 9533 71 1056 2054 2624 3998 6994
9 684 60 644 1080 1526 2046 4338 6592 9181
9 4014 1327 2092 2617 3063 4127 4967 5272 7450
3 2891 2379 4554
6 2569 1086 2823 4719 6260 6479
2 3097 4315
14 3692 245 499 518 1548 1722 2010 2521 3289 3944 4925 6358 9673 9771
7 1094 302 1084 1366 4564 6621 9217
10 1081 167 230 257 767 2210 5599 6166 8211 8865
11 2636 67 314 1152 2966 3561 4215 4401 5791 9117 9916
11 1348 393 555 836 1708 2157 2172 2185 4393 8269 9198
6 9098 236 1575 6063 6623 6782
16 533 1890 1971 2090 2317 2596 2597 2997 3982 4461 5592 5833 6104 6443 7720 8638
7 542 17 89 1643 1658 6371 8738
5 7833 2117 3981 4210 8384
12 4344 575 1060 1254 1488 1536 2084 2368 2388 2457 3809 5828
9 1515 3005 4909 6080 7292 7646 9557 9788 9836
11 6359 9 59 258 658 912 1155 1659 1837 4191 5859
4 532 478 1268 8340
12 7745 34 74 1654 1705 2131 3558 3836 4674 4692 6955 9967
6 6394 526 1703 2035 7611 8221
5 1157 781 1730 3260 4823
7 6219 1148 1881 2488 4552 5328 5363
8 7797 586 983 3244 3822 3945 5175 5474
5 5930 1665 2300 2509 6731
9 7846 595 1781 2458 4992 5048 7516 7821 8602
13 8263 29 416 443 915 2740 3858 4391 4707 5817 5855 5928 6051
10 5097 743 2816 3087 3554 4993 7863 8554 8934 8971
11 5662 691 1429 1982 2122 2294 2916 3184 4697 5276 5646
3 6651 1049 1190
3 7303 1213 3035
11 8785 199 816 1075 1474 1552 3618 3960 5436 5813 7175
2 8001 2604
7 4093 171 1095 1567 3282 8499 9608
3 7896 3931 5456
5 5003 534 1055 1185 8942
11 7612 39 570 1113 1436 1930 1972 2303 5344 5973 9644
13 2335 327 819 1789 2149 2647 2929 5206 5384 5546 5594 6388 7518
8 617 37 409 740 3198 3372 8363 8514
5 2553 750 1351 3229 6595
11 9964 903 1259 1458 1680 2796 3126 5185 5653 6191 7235
8 354 97 999 2059 2190 2650 4036 4471
11 4113 243 1742 1859 3301 4183 4771 5148 6185 6496 7441
6 725 265 1322 3713 4341 4891
13 4184 455 648 812 847 2012 2331 2844 3464 3913 4110 5248 5524
18 46 845 1170 2258 2545 3508 3594 3734 3856 4068 4098 4413 4954 6309 7288 7484 7981 9956
9 6240 1925 4026 5244 6019 6559 6878 7345 8860
3 7869 5095 9007
4 1021 2522 2704 9736
8 1792 589 967 3827 3899 4911 5476 6750
2 170 1204
5 8600 231 4283 5058 7157
11 8062 1175 1996 2186 2481 2814 3378 3720 4132 4522 7008
11 1308 1444 1618 1622 1675 2378 2727 3348 5251 7305 7996
13 360 495 1088 1176 1354 2136 2961 2983 4339 4745 5572 5923 6685
9 9151 1042 1947 2502 3582 4254 4897 5159 6487
10 1320 298 1468 2070 2506 2658 3724 5499 7283 8850
13 6076 777 944 1504 1573 2376 3969 4069 5931 6439 7404 8098 9034
10 1276 1341 1706 2200 2501 3272 4313 7775 8256 9531
7 5783 383 601 1279 1677 1927 2939
3 6521 4509 7918
5 9016 535 746 994 2326
11 4104 438 664 696 792 806 3399 3609 5370 6294 6606
3 7714 3064 3259
9 3608 1556 2095 2403 2441 2697 3983 4363 7168
8 3829 636 1538 2974 5062 5225 7589 8169
4 5874 401 3480 3871
8 9289 660 1378 1513 2582 3234 4567 6588
6 2189 234 588 1434 2276 2951
8 9706 385 537 796 1648 4952 5961 9243
14 4617 1521 1738 2562 2839 4270 5606 5715 5840 6082 7213 7577 7964 9854
9 419 28 368 731 1167 3256 4447 6433 6931
11 412 732 3037 3850 4268 4484 5832 6748 8044 9311 9756
9 4689 5 321 877 3011 4853 6212 7011 9430
5 8946 1118 2158 2251 9860
7 4060 1076 1098 1983 2239 4273 5353
4 1935 2554 7252 8443
7 4148 737 1147 2337 3012 6494 9776
9 4358 1714 1965 5177 5675 5951 6397 8147 8461
7 9892 21 99 188 1615 2848 3644
16 1815 359 643 1028 1384 3130 3226 3385 3407 3924 4320 4403 5438 5926 7002 7851
9 9784 1307 2640 2984 4126 5560 5778 8371 9766
5 2257 2329 6683 7317 9936
5 4974 158 270 1077 8722