10 2111 2661 2754 2861 4301 4558 4916 6717 7050 9221
1 4087
1 6303
8 4372 282 574 990 1543 2072 5792 9474
7 2899 3088 3638 6248 7518 8964 9789
6 6541 2969 3334 3993 7968 8959
7 6760 953 973 5469 6468 9342 9516
8 6199 3218 7921 8695 8719 9142 9604 9860
1 6730
3 6109 3864 3943
8 8626 20 1911 4366 4999 6332 6596 9205
3 7424 1350 4775
5 677 126 1503 4345 9748
5 3414 2123 4965 8539 9085
6 506 1921 2119 4265 7619 9152
10 5072 307 2828 2926 3666 4644 4683 6141 6900 7786
6 9574 426 1227 3653 4184 6203
3 2067 2380 2585
2 491 7399
3 3890 4429 9558
6 347 640 1696 6324 8648 9438
6 5321 503 1533 1699 2856 3161
8 4995 233 860 1150 2349 5273 6091 8879
4 8110 5805 5915 6783
7 3230 757 2338 4255 4339 6217 8484
7 4051 634 731 2619 4806 7627 9003
12 4761 123 181 1001 1393 4791 5184 5338 6020 8738 8772 9401
2 5470 6121
9 136 647 5190 5204 6164 6447 7303 7364 9444
2 1690 3375
8 3945 2669 3969 4608 4932 4936 8202 8479
5 3097 2659 3509 6920 8888
6 8748 4242 6929 7174 7326 9895
11 4740 246 501 1720 3059 3255 4699 4793 5979 6576 9542
7 9564 1527 5575 7640 8233 8743 9015
4 4029 3530 4210 7090
8 7199 324 999 1481 5099 5620 9576 9711
10 9931 646 3308 3891 4866 5729 7470 7832 9306 9586
3 8100 2444 4961
3 966 2493 4037
9 6124 419 2208 2423 2812 3424 4790 7453 7497
2 9170 6537
8 8843 856 1169 1332 4512 5269 6593 6881
2 283 1954
1 7568
5 3564 24 509 5430 7997
9 1619 119 3472 5275 5518 6588 8167 9201 9837
3 2345 5779 9505
3 7165 341 2149
8 354 66 897 1586 3397 3664 3910 4412
1 9741
13 4258 807 1061 1633 1634 2487 4539 4569 4735 7547 8658 9603 9778
6 6034 4600 5243 5374 6161 8520
3 3588 4540 8909
10 7882 248 942 6127 6232 7055 7996 8852 9176 9713
4 7966 3074 6065 7066
7 7486 124 469 4517 6011 6051 7718
2 4963 2155
6 8054 1018 1697 2824 3358 8428
8 3137 4702 4762 4923 7263 8014 9517 9866
9 4232 1611 3535 3736 5178 5257 7583 9000 9555
9 802 1627 2443 3293 5562 6639 7644 8010 9687
7 828 892 1363 4897 7899 9296 9723
1 5092
7 5095 351 845 1534 2299 6179 9965
18 437 2028 2056 2364 2389 2449 2853 3555 4438 4926 5515 6865 7163 8145 8785 8932 9353 9716
4 5711 1396 6305 8412
4 8 155 372 6709
1 496
10 5750 1635 2668 4426 6858 7741 7805 8647 8768 9069
2 8132 697
7 3613 940 2501 3717 5734 5736 6511
10 8329 1495 1576 2388 3014 3874 5256 6149 7659 8230
1 5988
4 205 1270 5491 8070
6 3933 1766 3355 5888 8270 9335
4 2196 120 447 4462
7 2379 2958 4654 5991 6852 8731 9449
7 5692 129 396 1153 1508 3591 7474
4 267 4224 7294 9346
4 6688 6356 7801 9354
3 1041 748 1289
11 7500 1202 1445 2093 2321 3485 3527 6467 6641 8218 9208
4 6799 730 2572 6289
8 2420 2582 3652 5823 6081 7951 8763 8918
3 2670 1946 4188
11 7437 595 707 1502 2007 4138 4584 5569 5774 6776 8708
1 8009
7 2732 2938 4361 5232 8307 8360 9971
4 5011 4659 7376 7478
5 8117 2385 4135 6524 9827
10 6118 85 2616 3116 3938 5085 6496 6901 7019 7371
1 7162
11 4656 1110 1297 2505 2559 3661 3876 4326 4384 4884 7747
10 2575 857 1497 2968 3952 4367 5633 7885 8195 9905
6 786 5305 6316 7440 7559 9358
5 3296 269 451 2356 9301
7 840 7 843 2956 7101 7555 9512
6 9295 3257 4464 5851 7599 7654
6 4537 2217 4580 5907 6627 9383
6 7333 1399 1718 3159 4755 6762
4 7770 1739 4237 5666
9 454 218 1115 2737 3399 5050 5787 8323 9987
11 30 556 844 5331 6012 6527 7634 8457 9163 9418 9605
22 241 1542 1607 1823 1930 2097 2800 3374 4158 4354 4435 4714 4864 5487 5986 6159 6850 7615 7624 8135 8493 9146
3 5629 1518 9916
9 122 2362 3289 3793 4871 5107 6358 7480 8986
1 2791
2 9873 3634
5 3726 442 900 6784 6898
1 7764
6 1334 497 1072 2895 5609 9398
6 6196 44 2317 4381 6157 6632
8 1886 4207 4407 6039 7002 7360 8443 9620
2 3979 6246
2 8186 8684
6 2199 1031 2296 3106 6573 7852
8 6807 2099 3475 4563 5725 6008 7646 8640
8 8041 517 1454 5392 6371 8522 9623 9698
2 202 2107
7 1287 344 661 6656 7527 7705 7903
5 3248 1678 3403 4427 5316
4 4705 3202 4516 8298
8 7758 1231 1391 2991 3627 6909 7027 9108
8 2407 329 1362 1446 3957 6094 6532 8305
8 9098 1514 4901 5419 6260 7451 8173 8636
10 6101 711 2503 2528 2810 3697 3913 6148 7608 9556
6 5728 2367 3589 3769 5667 6988
7 1510 1762 2079 5507 5738 9657 9924
8 1476 2427 3663 4171 6867 8567 9154 9865
3 8515 1682 2041
10 2466 1931 2398 2881 3207 3404 4854 6549 7521 8554
9 4492 253 2094 2911 4360 4908 6579 7535 9577
21 406 1715 2426 2594 2684 2702 2711 3601 3861 4229 4420 5240 5847 5870 6208 6972 7352 7917 8395 9768 9946
12 3801 1078 1458 2134 3129 3900 4554 4708 4840 5650 8071 8846
6 7975 3219 4020 5657 7548 8112
8 302 1624 2059 2160 8302 8823 9061 9557
10 5565 1357 3068 3469 3522 4270 5486 6415 7677 9950
9 5286 321 624 2630 3940 3959 6377 8385 9478
7 6769 79 3349 4832 6269 8068 9894
1 8268
9 5708 411 1529 1874 3727 7850 8387 8585 9945
7 3047 224 1073 3077 4023 5271 6987
2 4319 77
2 5418 7947
6 461 1071 2985 4439 5007 5626
6 9028 869 1079 1199 1990 9886
6 7169 65 531 3578 4962 5864
8 9551 769 809 1601 2781 3493 4593 8088
8 6147 297 364 1107 1827 7434 7499 9631
8 4196 894 2976 5044 5644 6413 6479 7134
8 1963 121 818 1591 5795 6957 7460 8018
4 7465 1800 6061 7804
1 1397
3 3305 7417 9410
3 8683 362 592
12 2190 575 1583 1686 2031 2553 3529 4222 5042 7215 7817 9724
3 8749 2819 8465
7 3459 566 2441 2514 3024 3092 6830
3 7839 4915 8114
5 2515 5710 7454 8583 8631
2 8803 251
3 5172 7965 8770
7 770 561 1851 7234 8935 9148 9863
11 8288 692 1385 2681 2719 3789 5743 6477 7368 8402 9682
3 1237 1212 5809
3 5559 2157 3227
1 4058
3 9124 5432 6184
8 3178 265 3057 3279 3483 4767 5723 9094
8 5034 378 607 1569 5921 6636 8043 8165
6 113 1027 2248 2902 6810 9255
3 754 2510 5489
5 4744 2291 4979 6442 6491
6 3053 1447 2285 2504 5459 9661
8 5272 2871 3352 3426 5140 7034 7641 9433
7 4868 1005 1570 1881 2580 3750 8311
3 1727 1298 7907
6 6120 17 581 1022 6986 7690
4 2189 3554 5698 8314
7 4861 1084 2537 3232 4674 6158 7862
3 3168 2544 4940
9 5718 604 2476 2592 4411 4556 5536 7523 8537
4 945 8779 9357 9859
8 4865 932 2308 2490 5526 7601 8643 8789
4 7923 1361 2103 6142
5 2712 3226 5930 6755 7540
9 8704 88 317 808 2703 5684 7270 8061 8510
6 1581 195 2880 3788 6394 7094
12 4328 386 481 958 1345 1471 4484 5363 6903 6969 7666 9369
10 7102 582 2453 2733 5242 6673 6855 7799 8357 9244
7 7075 742 1136 3196 3408 6938 8703
4 2360 4254 7260 9838
12 705 296 632 759 1793 2008 2074 2883 3022 6667 7647 8393
8 3309 12 415 1875 2497 2829 3962 5320
9 5505 537 617 4416 4704 5276 5589 5681 6529
6 3787 1550 4208 4502 4890 9476
6 9226 1538 2990 3600 8024 8735
11 1830 485 549 1277 2312 2787 3829 3868 4586 5996 6207
3 8706 1790 3450
17 1498 1915 2289 2461 2641 2776 2821 2952 3531 3961 4033 5315 7391 8058 8182 8381 9993
9 8908 1778 1858 3718 5715 5859 6235 7100 7319
8 2172 1473 2491 3084 4418 6131 8635 8670
2 6441 3082
1 3436
8 4604 176 1101 2694 3029 4698 8514 9544
1 4097
7 8411 1703 2618 3072 4347 7544 7604
2 2786 547
7 905 1625 1782 2471 3872 8113 9265
18 47 533 836 985 1412 1478 1988 3310 3965 4109 4553 4983 5527 5735 8004 8455 9203 9708
2 4998 1184
7 3108 2994 3157 3977 4548 5468 7228
4 3307 298 349 2796
18 80 931 1091 1936 1974 2278 3692 4112 4369 4817 4862 5010 5100 5962 6431 8685 8787 8941
9 3222 2277 3214 3758 5466 6040 7716 7911 8953
5 6751 3351 4300 7264 9161
4 7444 4234 5294 7089
3 764 7348 8194
4 7616 1255 5402 6835
5 6704 2431 3386 8151 9188
5 1008 1705 6068 7501 9143
7 6617 361 988 1296 6564 9086 9373
5 6306 1154 1748 5599 7211
11 2696 1509 1651 1731 3936 4041 4108 4747 6625 6843 9765
2 7736 7530
11 4080 139 1374 1775 4187 4206 4256 5607 5722 7008 9536
7 4741 3760 4981 5591 6014 7214 9700
7 2282 806 2054 3713 4346 6952 9829
5 5398 1484 6732 8353 9982
9 650 166 608 944 2484 3294 4664 8929 9573
2 5365 1099
9 6880 1129 3540 5712 6022 6821 7520 8637 9109
6 72 18 495 1864 2455 6561
10 1733 366 1232 1328 1669 3547 3597 4789 7246 8582
1 7631
3 293 8696 9607
7 723 368 2850 3970 5950 6883 7341
4 733 5101 6090 7413
8 4686 1201 2718 3526 3676 3990 8809 9030
5 4561 6947 7688 9423 9932
3 8619 9527 9995
4 3779 3021 5065 8715
11 5479 1337 2942 3221 3447 5582 7477 7738 9611 9615 9900
4 7746 4479 7854 9650
9 2488 240 439 464 1438 2177 3138 7887 9063
10 6846 2530 3062 4534 5002 5410 6787 7505 8354 9722
8 700 2257 2896 2959 3406 4531 5690 7837
10 5186 728 1850 3237 3706 5985 7121 8893 9259 9422
3 2261 2667 2915
5 5143 519 5548 5674 7154
3 8317 4274 7187
10 1910 2272 3087 3996 4056 5625 5656 7788 8902 9034
6 112 1185 4267 4450 5016 9679
4 4061 849 1937 8891
2 5231 340
5 1877 1580 2436 6577 9941
2 3285 3818
4 1295 5586 7010 9452
9 4778 172 2778 3107 3988 4552 4682 5196 7687
5 1981 1474 5021 9018 9293
2 4461 4063
15 8882 633 1457 1738 2783 4772 5337 5780 6662 6702 7512 7897 8169 8676 9802
5 7252 3586 5873 6921 8830
12 1667 518 669 717 824 1848 2047 2180 6053 6239 7322 8430
5 9801 749 4102 5785 8408
3 4993 819 6086
3 4216 696 5437
6 1183 196 2894 5029 6136 6360
11 9647 29 427 1951 2035 2927 3030 3032 3200 4536 9828
2 1177 6135
8 6438 247 4159 4491 5624 6189 7452 8331
5 6103 3906 3998 7655 9064
2 9388 6906
14 1239 3198 5671 5997 6224 6931 7021 7933 8485 8552 8728 8776 9036 9540
4 9524 3048 5110 9782
4 587 1268 6513 9343
3 8962 2214 8672
9 2527 827 2206 2498 3173 3438 5033 7476 9071
9 1403 1235 1815 3083 3931 4403 6372 7930 9539
4 8784 277 2532 9192
1 7533
8 3013 444 1372 3111 4860 5415 6722 9275
5 1958 788 882 1638 7978
2 287 7456
10 3776 467 1273 1318 2789 2932 3924 5702 7302 8771
5 4675 149 4964 5280 8146
6 5145 4947 5300 7178 7362 7810
13 7587 712 714 1629 2173 6264 6336 6637 7119 7194 7542 7821 8243
3 1327 1773 4331
12 2882 2240 2543 3930 4038 4651 4663 4927 5173 6700 8247 8981
3 1791 977 8265
6 7403 4585 6089 6737 6916 8527
9 234 1379 1716 1979 1984 2662 4445 5317 7306
9 6512 1279 1404 3478 4257 6031 6390 7734 8712
5 1375 1333 4329 4895 6804
9 1058 470 880 1252 3739 5221 5685 5747 6955
6 4719 1428 2267 5158 5638 9041
3 9080 2957 4518
5 622 63 6886 8589 8736
20 417 787 1879 1980 3381 3703 3916 4160 4269 4275 4914 5923 6201 6291 6566 7135 7188 7506 8516 8557
5 3973 424 3120 4863 5089
5 3572 1313 1596 1928 2481
8 631 3165 4635 5845 6605 8880 9277 9697
2 9204 1648
2 8225 1801
10 4191 11 1015 1156 2611 3542 4000 4508 7226 9841
3 8209 6194 6534
2 9503 1559
7 1378 960 2170 2925 3006 4678 6216
11 3378 511 1347 1655 2678 3708 6266 8548 8716 9074 9580
6 3463 732 814 4013 4333 5636
13 1450 727 936 1475 1672 2102 3071 3595 3712 4613 5211 7063 9403
9 6607 486 842 1208 1546 3870 4836 7534 7826
24 212 312 345 381 523 573 1352 1722 2275 2298 2865 4700 5019 5458 5918 6183 6309 6387 7223 7657 8056 8426 8587 9608
6 7573 797 1251 1356 1991 8326
9 244 346 1316 2804 2831 3422 3451 6478 8845
2 5551 7471
2 6173 3810
20 834 984 1121 1147 1344 2460 3169 3181 3842 4075 4290 5284 5538 5769 6025 6071 6788 7241 8580 9918
2 9463 2809
5 959 1077 5208 5342 7280
4 876 1811 1900 7731
11 9083 453 699 2213 2964 3935 4695 5560 6761 6842 7858
4 4827 2634 4685 8180
8 3624 315 1311 1369 2075 3800 6308 7649
5 9026 3645 5933 7567 9786
7 3927 935 2866 2904 7902 8002 9746
20 356 637 1646 1784 1789 2844 3319 3577 4352 4745 4770 5581 6533 6650 6939 8219 8788 8963 9455 9985
11 6100 1254 2565 3458 4389 4841 5717 8116 8376 9374 9521
4 2422 1594 2901 7593
6 6661 737 3045 5054 7820 8819
5 2885 2907 4881 6680 8037
4 8456 3688 6059 8032
4 1626 75 9799 9904
9 4899 870 2434 2451 2597 2953 5155 7123 8777
8 7057 621 2311 5660 5789 6088 6974 7153
4 8774 2254 7772 9307
16 811 823 924 1213 2057 2168 3162 3691 4332 4610 5080 5423 8123 8235 9484 9642
11 4016 1812 2104 2507 3163 4268 5091 6405 8011 8351 9535
4 5549 145 616 6806
1 2936
7 6355 1989 2999 7577 7652 9100 9705
19 135 1649 2096 3271 3292 3807 3863 4050 4131 4209 5061 6174 6317 6502 7286 7791 8555 9081 9193
3 3038 1367 6202
9 9663 2448 2834 3862 5180 5225 5678 5844 6663
9 9717 3261 3687 5344 6172 6490 6942 8290 8501
6 668 103 946 3710 7332 8203
4 2626 3345 6598 9969
1 1637